<?xml version="1.0" encoding="UTF-8"?>
<!-- Generated by org.testng.reporters.JUnitReportReporter -->
<testsuite hostname="TP-PC" failures="0" tests="1" name="Excelutilty.A" time="0.384" errors="0" timestamp="2024-05-04T16:12:07 IST" skipped="0">
  <testcase classname="Excelutilty.A" name="name" time="0.384"/>
  <system-out/>
</testsuite> <!-- Excelutilty.A -->
