<?xml version="1.0" encoding="UTF-8"?>
<!-- Generated by org.testng.reporters.JUnitReportReporter -->
<testsuite hostname="TP-PC" failures="0" tests="1" name="demoqa_test.RegistrationPageTest" time="6.548" errors="0" timestamp="2024-05-04T16:22:38 IST" skipped="0">
  <testcase classname="demoqa_test.RegistrationPageTest" name="resgistrationtest" time="6.548"/>
  <system-out/>
</testsuite> <!-- demoqa_test.RegistrationPageTest -->
