<?xml version="1.0" encoding="UTF-8"?>
<!-- Generated by org.testng.reporters.JUnitReportReporter -->
<testsuite hostname="TP-PC" failures="0" tests="2" name="demoqa_test.LoginWithInValidPageTest" time="45.894" errors="0" timestamp="2024-05-04T18:35:55 IST" skipped="0">
  <testcase classname="demoqa_test.LoginWithInValidPageTest" name="logInvalidTest" time="12.531"/>
  <system-out/>
  <testcase classname="demoqa_test.LoginWithInValidPageTest" name="logInvalidTest" time="33.363"/>
  <system-out/>
</testsuite> <!-- demoqa_test.LoginWithInValidPageTest -->
